Using pre-set license
Built from '2022.3/china_unity/release' branch; Version is '2022.3.0f1c1 (aad67108fc1f) revision 11196017'; Using compiler version '192829333'; Build Type 'Release'
OS: 'Windows 11  (10.0.22621) 64bit CoreCountrySpecific' Language: 'zh' Physical Memory: 16010 MB
BatchMode: 1, IsHumanControllingUs: 0, StartBugReporterOnCrash: 0, Is64bit: 1, IsPro: 1

COMMAND LINE ARGUMENTS:
C:\Unity\2022.3.0f1c1\Editor\Unity.exe
-adb2
-batchMode
-noUpm
-name
AssetImportWorker1
-projectPath
C:/HW/EliminateGame
-logFile
Logs/AssetImportWorker1.log
-srvPort
51228
Successfully changed project path to: C:/HW/EliminateGame
C:/HW/EliminateGame
[UnityMemory] Configuration Parameters - Can be set up in boot.config
    "memorysetup-bucket-allocator-granularity=16"
    "memorysetup-bucket-allocator-bucket-count=8"
    "memorysetup-bucket-allocator-block-size=33554432"
    "memorysetup-bucket-allocator-block-count=8"
    "memorysetup-main-allocator-block-size=16777216"
    "memorysetup-thread-allocator-block-size=16777216"
    "memorysetup-gfx-main-allocator-block-size=16777216"
    "memorysetup-gfx-thread-allocator-block-size=16777216"
    "memorysetup-cache-allocator-block-size=4194304"
    "memorysetup-typetree-allocator-block-size=2097152"
    "memorysetup-profiler-bucket-allocator-granularity=16"
    "memorysetup-profiler-bucket-allocator-bucket-count=8"
    "memorysetup-profiler-bucket-allocator-block-size=33554432"
    "memorysetup-profiler-bucket-allocator-block-count=8"
    "memorysetup-profiler-allocator-block-size=16777216"
    "memorysetup-profiler-editor-allocator-block-size=1048576"
    "memorysetup-temp-allocator-size-main=16777216"
    "memorysetup-job-temp-allocator-block-size=2097152"
    "memorysetup-job-temp-allocator-block-size-background=1048576"
    "memorysetup-job-temp-allocator-reduction-small-platforms=262144"
    "memorysetup-allocator-temp-initial-block-size-main=262144"
    "memorysetup-allocator-temp-initial-block-size-worker=262144"
    "memorysetup-temp-allocator-size-background-worker=32768"
    "memorysetup-temp-allocator-size-job-worker=262144"
    "memorysetup-temp-allocator-size-preload-manager=33554432"
    "memorysetup-temp-allocator-size-nav-mesh-worker=65536"
    "memorysetup-temp-allocator-size-audio-worker=65536"
    "memorysetup-temp-allocator-size-cloud-worker=32768"
    "memorysetup-temp-allocator-size-gi-baking-worker=262144"
    "memorysetup-temp-allocator-size-gfx=262144"
Player connection [28828] Host "[IP] 192.168.1.108 [Port] 0 [Flags] 2 [Guid] 2181096633 [EditorId] 2181096633 [Version] 1048832 [Id] WindowsEditor(7,LAPTOP-NCA5MH2B) [Debug] 1 [PackageName] WindowsEditor [ProjectName] Editor" joined multi-casting on [225.0.0.222:54997]...

Player connection [28828] Host "[IP] 192.168.1.108 [Port] 0 [Flags] 2 [Guid] 2181096633 [EditorId] 2181096633 [Version] 1048832 [Id] WindowsEditor(7,LAPTOP-NCA5MH2B) [Debug] 1 [PackageName] WindowsEditor [ProjectName] Editor" joined alternative multi-casting on [225.0.0.222:34997]...

Refreshing native plugins compatible for Editor in 12.16 ms, found 3 plugins.
Preloading 0 native plugins for Editor in 0.00 ms.
Initialize engine version: 2022.3.0f1c1 (aad67108fc1f)
[Subsystems] Discovering subsystems at path C:/Unity/2022.3.0f1c1/Editor/Data/Resources/UnitySubsystems
[Subsystems] Discovering subsystems at path C:/HW/EliminateGame/Assets
GfxDevice: creating device client; threaded=0; jobified=0
Direct3D:
    Version:  Direct3D 11.0 [level 11.1]
    Renderer: NVIDIA GeForce RTX 4060 Laptop GPU (ID=0x28e0)
    Vendor:   NVIDIA
    VRAM:     7971 MB
    Driver:   31.0.15.3168
Initialize mono
Mono path[0] = 'C:/Unity/2022.3.0f1c1/Editor/Data/Managed'
Mono path[1] = 'C:/Unity/2022.3.0f1c1/Editor/Data/MonoBleedingEdge/lib/mono/unityjit-win32'
Mono config path = 'C:/Unity/2022.3.0f1c1/Editor/Data/MonoBleedingEdge/etc'
Using monoOptions --debugger-agent=transport=dt_socket,embedding=1,server=y,suspend=n,address=127.0.0.1:56348
Begin MonoManager ReloadAssembly
Registering precompiled unity dll's ...
Register platform support module: C:/Unity/2022.3.0f1c1/Editor/Data/PlaybackEngines/WindowsStandaloneSupport/UnityEditor.WindowsStandalone.Extensions.dll
Registered in 0.005592 seconds.
- Loaded All Assemblies, in  0.309 seconds
Native extension for WindowsStandalone target not found
Mono: successfully reloaded assembly
- Finished resetting the current domain, in  0.270 seconds
Domain Reload Profiling: 577ms
	BeginReloadAssembly (85ms)
		ExecutionOrderSort (0ms)
		DisableScriptedObjects (0ms)
		BackupInstance (0ms)
		ReleaseScriptingObjects (0ms)
		CreateAndSetChildDomain (1ms)
	RebuildCommonClasses (31ms)
	RebuildNativeTypeToScriptingClass (12ms)
	initialDomainReloadingComplete (58ms)
	LoadAllAssembliesAndSetupDomain (121ms)
		LoadAssemblies (81ms)
		RebuildTransferFunctionScriptingTraits (0ms)
		AnalyzeDomain (114ms)
			TypeCache.Refresh (113ms)
				TypeCache.ScanAssembly (102ms)
			ScanForSourceGeneratedMonoScriptInfo (0ms)
			ResolveRequiredComponents (0ms)
	FinalizeReload (270ms)
		ReleaseScriptCaches (0ms)
		RebuildScriptCaches (0ms)
		SetupLoadedEditorAssemblies (210ms)
			LogAssemblyErrors (0ms)
			InitializePlatformSupportModulesInManaged (8ms)
			SetLoadedEditorAssemblies (8ms)
			RefreshPlugins (0ms)
			BeforeProcessingInitializeOnLoad (3ms)
			ProcessInitializeOnLoadAttributes (146ms)
			ProcessInitializeOnLoadMethodAttributes (45ms)
			AfterProcessingInitializeOnLoad (0ms)
			EditorAssembliesLoaded (0ms)
		ExecutionOrderSort2 (0ms)
		AwakeInstancesAfterBackupRestoration (0ms)
========================================================================
Worker process is ready to serve import requests
Begin MonoManager ReloadAssembly
Symbol file LoadedFromMemory doesn't match image C:\HW\EliminateGame\Library\PackageCache\com.unity.visualscripting@1.8.0\Editor\VisualScripting.Core\Dependencies\YamlDotNet\Unity.VisualScripting.YamlDotNet.dll
Symbol file LoadedFromMemory doesn't match image C:\HW\EliminateGame\Library\PackageCache\com.unity.visualscripting@1.8.0\Editor\VisualScripting.Core\Dependencies\DotNetZip\Unity.VisualScripting.IonicZip.dll
- Loaded All Assemblies, in  0.773 seconds
Refreshing native plugins compatible for Editor in 6.06 ms, found 3 plugins.
Native extension for WindowsStandalone target not found
Mono: successfully reloaded assembly
- Finished resetting the current domain, in  0.539 seconds
Domain Reload Profiling: 1309ms
	BeginReloadAssembly (113ms)
		ExecutionOrderSort (0ms)
		DisableScriptedObjects (5ms)
		BackupInstance (0ms)
		ReleaseScriptingObjects (0ms)
		CreateAndSetChildDomain (19ms)
	RebuildCommonClasses (32ms)
	RebuildNativeTypeToScriptingClass (12ms)
	initialDomainReloadingComplete (43ms)
	LoadAllAssembliesAndSetupDomain (569ms)
		LoadAssemblies (302ms)
		RebuildTransferFunctionScriptingTraits (0ms)
		AnalyzeDomain (313ms)
			TypeCache.Refresh (297ms)
				TypeCache.ScanAssembly (281ms)
			ScanForSourceGeneratedMonoScriptInfo (12ms)
			ResolveRequiredComponents (4ms)
	FinalizeReload (540ms)
		ReleaseScriptCaches (0ms)
		RebuildScriptCaches (0ms)
		SetupLoadedEditorAssemblies (396ms)
			LogAssemblyErrors (0ms)
			InitializePlatformSupportModulesInManaged (5ms)
			SetLoadedEditorAssemblies (5ms)
			RefreshPlugins (0ms)
			BeforeProcessingInitializeOnLoad (108ms)
			ProcessInitializeOnLoadAttributes (252ms)
			ProcessInitializeOnLoadMethodAttributes (18ms)
			AfterProcessingInitializeOnLoad (7ms)
			EditorAssembliesLoaded (0ms)
		ExecutionOrderSort2 (0ms)
		AwakeInstancesAfterBackupRestoration (6ms)
Launched and connected shader compiler UnityShaderCompiler.exe after 0.05 seconds
Refreshing native plugins compatible for Editor in 4.22 ms, found 3 plugins.
Preloading 0 native plugins for Editor in 0.00 ms.
Unloading 3080 Unused Serialized files (Serialized files now loaded: 0)
Unloading 31 unused Assets / (56.2 KB). Loaded Objects now: 3545.
Memory consumption went from 120.9 MB to 120.9 MB.
Total: 2.490800 ms (FindLiveObjects: 0.176200 ms CreateObjectMapping: 0.062500 ms MarkObjects: 2.159200 ms  DeleteObjects: 0.091800 ms)

AssetImportParameters requested are different than current active one (requested -> active):
  custom:container-demuxer-ogg: 62fdf1f143b41e24485cea50d1cbac27 -> 
  custom:video-codec-MediaFoundation-h265: 746d11721c4dcdbdad8f713fa42b33f4 -> 
  custom:video-decoder-ogg-theora: a1e56fd34408186e4bbccfd4996cb3dc -> 
  custom:framework-win-MediaFoundation: 216162199b28c13a410421893ffa2e32 -> 
  custom:container-demuxer-webm: 4f35f7cbe854078d1ac9338744f61a02 -> 
  custom:container-muxer-webm: aa71ff27fc2769a1b78a27578f13a17b -> 
  custom:video-decoder-webm-vp8: 9c59270c3fd7afecdb556c50c9e8de78 -> 
  custom:AudioImporter_EditorPlatform: d09bf68614088b80899f8185d706f6e7 -> 
  custom:video-encoder-webm-vp8: eb34c28f22e8b96e1ab97ce403110664 -> 
  custom:audio-decoder-ogg-vorbis: bf7c407c2cedff20999df2af8eb42d56 -> 
  custom:audio-encoder-webm-vorbis: bf7c407c2cedff20999df2af8eb42d56 -> 
========================================================================
Received Import Request.
  Time since last request: 303086.804188 seconds.
  path: Assets/Animation/Sweet.controller
  artifactKey: Guid(a91e0b82183585540b8f644a45bf32b6) Importer(2089858483,0ecaa5967403d082aa24f35e1b516d23)
Start importing Assets/Animation/Sweet.controller using Guid(a91e0b82183585540b8f644a45bf32b6) Importer(2089858483,0ecaa5967403d082aa24f35e1b516d23) Generated GUIDs only implemented for interfaces!
 -> (artifact id: '7c4e773f27f8d7fd5204a46291bb8d12') in 0.104459 seconds
Number of updated asset objects reloaded before import = 0
Number of asset objects unloaded after import = 5
========================================================================
Received Import Request.
  Time since last request: 0.000026 seconds.
  path: Assets/Animation/Panel.controller
  artifactKey: Guid(7169b1c77f51cf5489a9093e243968ea) Importer(2089858483,0ecaa5967403d082aa24f35e1b516d23)
Start importing Assets/Animation/Panel.controller using Guid(7169b1c77f51cf5489a9093e243968ea) Importer(2089858483,0ecaa5967403d082aa24f35e1b516d23) Generated GUIDs only implemented for interfaces!
 -> (artifact id: '37d50aa00705830d8082b3235e903b77') in 0.016019 seconds
Number of updated asset objects reloaded before import = 0
Number of asset objects unloaded after import = 4
========================================================================
Received Import Request.
  Time since last request: 0.000030 seconds.
  path: Assets/Prefabs/Prefabs1/CSweet.prefab
  artifactKey: Guid(bf4172449040c0a4b84d8f5e959fb8b8) Importer(2089858483,0ecaa5967403d082aa24f35e1b516d23)
Start importing Assets/Prefabs/Prefabs1/CSweet.prefab using Guid(bf4172449040c0a4b84d8f5e959fb8b8) Importer(2089858483,0ecaa5967403d082aa24f35e1b516d23) Generated GUIDs only implemented for interfaces!
 -> (artifact id: '45331333057dadb1471ce9c15df4fc97') in 0.054231 seconds
Number of updated asset objects reloaded before import = 0
Number of asset objects unloaded after import = 28
========================================================================
Received Import Request.
  Time since last request: 0.000018 seconds.
  path: Assets/GameResources/Fonts/规ｇ_GBK.ttf
  artifactKey: Guid(22def482e077f9d4da46d9f0825f216a) Importer(2089858483,0ecaa5967403d082aa24f35e1b516d23)
Start importing Assets/GameResources/Fonts/规ｇ_GBK.ttf using Guid(22def482e077f9d4da46d9f0825f216a) Importer(2089858483,0ecaa5967403d082aa24f35e1b516d23) Generated GUIDs only implemented for interfaces!
 -> (artifact id: 'eaf734fab7649f37023c03d60ddc4b45') in 0.051094 seconds
Number of updated asset objects reloaded before import = 0
Number of asset objects unloaded after import = 3
========================================================================
Received Import Request.
  Time since last request: 0.000030 seconds.
  path: Assets/GameResources/AudioSource/anime_05_loop.ogg
  artifactKey: Guid(fb84691f5cc1b4c748daabdd9ab3e476) Importer(2089858483,0ecaa5967403d082aa24f35e1b516d23)
Start importing Assets/GameResources/AudioSource/anime_05_loop.ogg using Guid(fb84691f5cc1b4c748daabdd9ab3e476) Importer(2089858483,0ecaa5967403d082aa24f35e1b516d23) Generated GUIDs only implemented for interfaces!
 -> (artifact id: '6c309fafa668fd1e73caa537ae7665f3') in 0.110501 seconds
Number of updated asset objects reloaded before import = 0
Number of asset objects unloaded after import = 1
========================================================================
Received Import Request.
  Time since last request: 0.000110 seconds.
  path: Assets/Animation/RainBowSweet.anim
  artifactKey: Guid(b528357f466bb214783ddf79e141779a) Importer(2089858483,0ecaa5967403d082aa24f35e1b516d23)
Start importing Assets/Animation/RainBowSweet.anim using Guid(b528357f466bb214783ddf79e141779a) Importer(2089858483,0ecaa5967403d082aa24f35e1b516d23) Generated GUIDs only implemented for interfaces!
 -> (artifact id: '6346e11f2d6e9f3812bed1d522a618be') in 0.020950 seconds
Number of updated asset objects reloaded before import = 0
Number of asset objects unloaded after import = 1
========================================================================
Received Import Request.
  Time since last request: 0.000026 seconds.
  path: Assets/Animation/CSweet.anim
  artifactKey: Guid(5a0395051a34e714fa6b28ee0c61be1e) Importer(2089858483,0ecaa5967403d082aa24f35e1b516d23)
Start importing Assets/Animation/CSweet.anim using Guid(5a0395051a34e714fa6b28ee0c61be1e) Importer(2089858483,0ecaa5967403d082aa24f35e1b516d23) Generated GUIDs only implemented for interfaces!
 -> (artifact id: '431a4c2059f4c94b58ae4ca3526c3421') in 0.019414 seconds
Number of updated asset objects reloaded before import = 0
Number of asset objects unloaded after import = 1
========================================================================
Received Import Request.
  Time since last request: 0.000023 seconds.
  path: Assets/Animation/TimeAnimation.anim
  artifactKey: Guid(a93db184a7d2aa74691d1dcbb6db5a74) Importer(2089858483,0ecaa5967403d082aa24f35e1b516d23)
Start importing Assets/Animation/TimeAnimation.anim using Guid(a93db184a7d2aa74691d1dcbb6db5a74) Importer(2089858483,0ecaa5967403d082aa24f35e1b516d23) Generated GUIDs only implemented for interfaces!
 -> (artifact id: '0307f8f3800db07c916400bd762cac0c') in 0.019478 seconds
Number of updated asset objects reloaded before import = 0
Number of asset objects unloaded after import = 1
========================================================================
Received Import Request.
  Time since last request: 0.000088 seconds.
  path: Assets/Animation/RSweet.anim
  artifactKey: Guid(0e7d39c4d1d9c194babd9c6b600771a3) Importer(2089858483,0ecaa5967403d082aa24f35e1b516d23)
Start importing Assets/Animation/RSweet.anim using Guid(0e7d39c4d1d9c194babd9c6b600771a3) Importer(2089858483,0ecaa5967403d082aa24f35e1b516d23) Generated GUIDs only implemented for interfaces!
 -> (artifact id: '30a3a30b53eb72fc6af964a7e54f3774') in 0.020013 seconds
Number of updated asset objects reloaded before import = 0
Number of asset objects unloaded after import = 1
========================================================================
Received Import Request.
  Time since last request: 0.000020 seconds.
  path: Assets/GameResources/AudioSource/BubbleLight.wav
  artifactKey: Guid(5aaa4c7d5781546c6a13a9f1eb97b15b) Importer(2089858483,0ecaa5967403d082aa24f35e1b516d23)
Start importing Assets/GameResources/AudioSource/BubbleLight.wav using Guid(5aaa4c7d5781546c6a13a9f1eb97b15b) Importer(2089858483,0ecaa5967403d082aa24f35e1b516d23) Generated GUIDs only implemented for interfaces!
 -> (artifact id: '247ec5eaf29361a3de2a9c7d38163bc0') in 0.054298 seconds
Number of updated asset objects reloaded before import = 0
Number of asset objects unloaded after import = 1
========================================================================
Received Import Request.
  Time since last request: 0.000028 seconds.
  path: Assets/Scrips/Scrips1/SweetGame.cs
  artifactKey: Guid(ba7838ec167268b448c0c0026ff3d22f) Importer(2089858483,0ecaa5967403d082aa24f35e1b516d23)
Start importing Assets/Scrips/Scrips1/SweetGame.cs using Guid(ba7838ec167268b448c0c0026ff3d22f) Importer(2089858483,0ecaa5967403d082aa24f35e1b516d23) Generated GUIDs only implemented for interfaces!
 -> (artifact id: '8503ca04628f1c99516a0f0337d7835b') in 0.018418 seconds
Number of updated asset objects reloaded before import = 0
Number of asset objects unloaded after import = 1
========================================================================
Received Import Request.
  Time since last request: 0.000037 seconds.
  path: Assets/GameResources/UI/Start/SweetCream.png
  artifactKey: Guid(a7b694fe3e7946b4abd888751b7798fd) Importer(2089858483,0ecaa5967403d082aa24f35e1b516d23)
Start importing Assets/GameResources/UI/Start/SweetCream.png using Guid(a7b694fe3e7946b4abd888751b7798fd) Importer(2089858483,0ecaa5967403d082aa24f35e1b516d23) Generated GUIDs only implemented for interfaces!
 -> (artifact id: 'cc5dbc5a7ae9941875ae064e9e854cfa') in 0.089620 seconds
Number of updated asset objects reloaded before import = 0
Number of asset objects unloaded after import = 3
========================================================================
Received Import Request.
  Time since last request: 0.000033 seconds.
  path: Assets/Animation/RSweet.controller
  artifactKey: Guid(aa610b8e808d33141a52b99b0401ca34) Importer(2089858483,0ecaa5967403d082aa24f35e1b516d23)
Start importing Assets/Animation/RSweet.controller using Guid(aa610b8e808d33141a52b99b0401ca34) Importer(2089858483,0ecaa5967403d082aa24f35e1b516d23) Generated GUIDs only implemented for interfaces!
 -> (artifact id: 'e24ae67dbc4428cf384a0829946c33fd') in 0.016458 seconds
Number of updated asset objects reloaded before import = 0
Number of asset objects unloaded after import = 6
========================================================================
Received Import Request.
  Time since last request: 0.000034 seconds.
  path: Assets/Scrips/SweetColorClear.cs
  artifactKey: Guid(21734a4d2e26458469f4a36d0899fa4a) Importer(2089858483,0ecaa5967403d082aa24f35e1b516d23)
Start importing Assets/Scrips/SweetColorClear.cs using Guid(21734a4d2e26458469f4a36d0899fa4a) Importer(2089858483,0ecaa5967403d082aa24f35e1b516d23) Generated GUIDs only implemented for interfaces!
 -> (artifact id: '2a6a1efe7231e827c01c4b6c1f11b7b9') in 0.018217 seconds
Number of updated asset objects reloaded before import = 0
Number of asset objects unloaded after import = 1
========================================================================
Received Import Request.
  Time since last request: 0.000023 seconds.
  path: Assets/GameResources/Sweets/Biscuit.png
  artifactKey: Guid(e670a73a869cd12468c6d7dc50a4d02e) Importer(2089858483,0ecaa5967403d082aa24f35e1b516d23)
Start importing Assets/GameResources/Sweets/Biscuit.png using Guid(e670a73a869cd12468c6d7dc50a4d02e) Importer(2089858483,0ecaa5967403d082aa24f35e1b516d23) Generated GUIDs only implemented for interfaces!
 -> (artifact id: '9682aa5a10285f4e5be621f40ca737f9') in 0.039037 seconds
Number of updated asset objects reloaded before import = 0
Number of asset objects unloaded after import = 3
========================================================================
Received Import Request.
  Time since last request: 0.000032 seconds.
  path: Assets/Animation/Stars.anim
  artifactKey: Guid(f93a2f90c9ac20d448e43b453e12ac53) Importer(2089858483,0ecaa5967403d082aa24f35e1b516d23)
Start importing Assets/Animation/Stars.anim using Guid(f93a2f90c9ac20d448e43b453e12ac53) Importer(2089858483,0ecaa5967403d082aa24f35e1b516d23) Generated GUIDs only implemented for interfaces!
 -> (artifact id: '8d8de76c689c821b32ecef1efc205294') in 0.017960 seconds
Number of updated asset objects reloaded before import = 0
Number of asset objects unloaded after import = 1
========================================================================
Received Import Request.
  Time since last request: 0.000065 seconds.
  path: Assets/GameResources/UI/Start/String.png
  artifactKey: Guid(0dec64d9ab2276f4ea863fd9962a818a) Importer(2089858483,0ecaa5967403d082aa24f35e1b516d23)
Start importing Assets/GameResources/UI/Start/String.png using Guid(0dec64d9ab2276f4ea863fd9962a818a) Importer(2089858483,0ecaa5967403d082aa24f35e1b516d23) Generated GUIDs only implemented for interfaces!
 -> (artifact id: '70441fdb8b6a33be71991402122e5afe') in 0.042706 seconds
Number of updated asset objects reloaded before import = 0
Number of asset objects unloaded after import = 3
========================================================================
Received Import Request.
  Time since last request: 0.000019 seconds.
  path: Assets/GameResources/Effects/EclipseShine.png
  artifactKey: Guid(cd86a639df885c14489f5b8ec10f6b08) Importer(2089858483,0ecaa5967403d082aa24f35e1b516d23)
Start importing Assets/GameResources/Effects/EclipseShine.png using Guid(cd86a639df885c14489f5b8ec10f6b08) Importer(2089858483,0ecaa5967403d082aa24f35e1b516d23) Generated GUIDs only implemented for interfaces!
 -> (artifact id: '61301a8298d7ed718c27887edca56a02') in 0.043017 seconds
Number of updated asset objects reloaded before import = 0
Number of asset objects unloaded after import = 3
========================================================================
Received Import Request.
  Time since last request: 0.000028 seconds.
  path: Assets/Animation/Text _Time.controller
  artifactKey: Guid(2b8df5fd943642e45986c9ee467dc02e) Importer(2089858483,0ecaa5967403d082aa24f35e1b516d23)
Start importing Assets/Animation/Text _Time.controller using Guid(2b8df5fd943642e45986c9ee467dc02e) Importer(2089858483,0ecaa5967403d082aa24f35e1b516d23) Generated GUIDs only implemented for interfaces!
 -> (artifact id: '3902a559baed45a54f6abc28d1477610') in 0.015906 seconds
Number of updated asset objects reloaded before import = 0
Number of asset objects unloaded after import = 4
========================================================================
Received Import Request.
  Time since last request: 0.000035 seconds.
  path: Assets/GameResources/UI/Over/PlayGamePopupCream.png
  artifactKey: Guid(fba9b868fa7661a4c9e1bdf715890fad) Importer(2089858483,0ecaa5967403d082aa24f35e1b516d23)
Start importing Assets/GameResources/UI/Over/PlayGamePopupCream.png using Guid(fba9b868fa7661a4c9e1bdf715890fad) Importer(2089858483,0ecaa5967403d082aa24f35e1b516d23) Generated GUIDs only implemented for interfaces!
 -> (artifact id: 'd86f7a92d2062c2b5a1823be804071b1') in 0.039751 seconds
Number of updated asset objects reloaded before import = 0
Number of asset objects unloaded after import = 3
========================================================================
Received Import Request.
  Time since last request: 0.000022 seconds.
  path: Assets/GameResources/AudioSource/Bubble.wav
  artifactKey: Guid(9cb19eb032d304b07acec596ae2ce4a4) Importer(2089858483,0ecaa5967403d082aa24f35e1b516d23)
Start importing Assets/GameResources/AudioSource/Bubble.wav using Guid(9cb19eb032d304b07acec596ae2ce4a4) Importer(2089858483,0ecaa5967403d082aa24f35e1b516d23) Generated GUIDs only implemented for interfaces!
 -> (artifact id: 'eaeda57627dc36b4cda031eb2d9ec5db') in 0.055502 seconds
Number of updated asset objects reloaded before import = 0
Number of asset objects unloaded after import = 1
========================================================================
Received Import Request.
  Time since last request: 0.000072 seconds.
  path: Assets/Scrips/Scrips1/ColorSweet.cs
  artifactKey: Guid(908be808b82e38a4aa902a9fe3eae799) Importer(2089858483,0ecaa5967403d082aa24f35e1b516d23)
Start importing Assets/Scrips/Scrips1/ColorSweet.cs using Guid(908be808b82e38a4aa902a9fe3eae799) Importer(2089858483,0ecaa5967403d082aa24f35e1b516d23) Generated GUIDs only implemented for interfaces!
 -> (artifact id: 'fc57e36bf2464cd6f1b024798705b478') in 0.015149 seconds
Number of updated asset objects reloaded before import = 0
Number of asset objects unloaded after import = 1
========================================================================
Received Import Request.
  Time since last request: 0.000080 seconds.
  path: Assets/Scenes/FirstGame.unity
  artifactKey: Guid(2cda990e2423bbf4892e6590ba056729) Importer(2089858483,0ecaa5967403d082aa24f35e1b516d23)
Start importing Assets/Scenes/FirstGame.unity using Guid(2cda990e2423bbf4892e6590ba056729) Importer(2089858483,0ecaa5967403d082aa24f35e1b516d23) Generated GUIDs only implemented for interfaces!
 -> (artifact id: '3bf36e6a14e614f01fe9f98f9a7e4ed7') in 0.017632 seconds
Number of updated asset objects reloaded before import = 0
Number of asset objects unloaded after import = 1
========================================================================
Received Import Request.
  Time since last request: 0.000097 seconds.
  path: Assets/GameResources/UI/Game/Bubbles/GrassGreenBubble.png
  artifactKey: Guid(ef4485d1181ce0c4abba0723da5f0ed5) Importer(2089858483,0ecaa5967403d082aa24f35e1b516d23)
Start importing Assets/GameResources/UI/Game/Bubbles/GrassGreenBubble.png using Guid(ef4485d1181ce0c4abba0723da5f0ed5) Importer(2089858483,0ecaa5967403d082aa24f35e1b516d23) Generated GUIDs only implemented for interfaces!
 -> (artifact id: '52a2002e941e3e161e8dbc8485f2b7e0') in 0.033814 seconds
Number of updated asset objects reloaded before import = 0
Number of asset objects unloaded after import = 3
========================================================================
Received Import Request.
  Time since last request: 0.000021 seconds.
  path: Assets/Scenes/NextGame.unity
  artifactKey: Guid(7c8b953e59e54e84d980076c3d0c6fa0) Importer(2089858483,0ecaa5967403d082aa24f35e1b516d23)
Start importing Assets/Scenes/NextGame.unity using Guid(7c8b953e59e54e84d980076c3d0c6fa0) Importer(2089858483,0ecaa5967403d082aa24f35e1b516d23) Generated GUIDs only implemented for interfaces!
 -> (artifact id: 'df60e54af2f9af0d6e510712294b4713') in 0.017853 seconds
Number of updated asset objects reloaded before import = 0
Number of asset objects unloaded after import = 1
========================================================================
Received Import Request.
  Time since last request: 0.000041 seconds.
  path: Assets/GameResources/UI/Game/SquareLight.png
  artifactKey: Guid(804d553435e19fb429be8bb04058095f) Importer(2089858483,0ecaa5967403d082aa24f35e1b516d23)
Start importing Assets/GameResources/UI/Game/SquareLight.png using Guid(804d553435e19fb429be8bb04058095f) Importer(2089858483,0ecaa5967403d082aa24f35e1b516d23) Generated GUIDs only implemented for interfaces!
 -> (artifact id: '59c4dc0d47318aedf2967074887b4478') in 0.033386 seconds
Number of updated asset objects reloaded before import = 0
Number of asset objects unloaded after import = 3
========================================================================
Received Prepare
Refreshing native plugins compatible for Editor in 4.99 ms, found 3 plugins.
Preloading 0 native plugins for Editor in 0.00 ms.
Unloading 0 Unused Serialized files (Serialized files now loaded: 0)
Unloading 1 unused Assets / (0.8 KB). Loaded Objects now: 3546.
Memory consumption went from 72.4 MB to 72.4 MB.
Total: 3.334300 ms (FindLiveObjects: 0.325300 ms CreateObjectMapping: 0.132800 ms MarkObjects: 2.838100 ms  DeleteObjects: 0.036200 ms)

Prepare: number of updated asset objects reloaded= 0
AssetImportParameters requested are different than current active one (requested -> active):
  custom:container-demuxer-ogg: 62fdf1f143b41e24485cea50d1cbac27 -> 
  custom:video-codec-MediaFoundation-h265: 746d11721c4dcdbdad8f713fa42b33f4 -> 
  custom:video-decoder-ogg-theora: a1e56fd34408186e4bbccfd4996cb3dc -> 
  custom:framework-win-MediaFoundation: 216162199b28c13a410421893ffa2e32 -> 
  custom:container-demuxer-webm: 4f35f7cbe854078d1ac9338744f61a02 -> 
  custom:container-muxer-webm: aa71ff27fc2769a1b78a27578f13a17b -> 
  custom:video-decoder-webm-vp8: 9c59270c3fd7afecdb556c50c9e8de78 -> 
  custom:SearchIndexIgnoredProperties: e643bd26f0fe6173181afceb89e7c659 -> 
  custom:AudioImporter_EditorPlatform: d09bf68614088b80899f8185d706f6e7 -> 
  custom:video-encoder-webm-vp8: eb34c28f22e8b96e1ab97ce403110664 -> 
  custom:audio-decoder-ogg-vorbis: bf7c407c2cedff20999df2af8eb42d56 -> 
  custom:audio-encoder-webm-vorbis: bf7c407c2cedff20999df2af8eb42d56 -> 
========================================================================
Received Import Request.
  Time since last request: 51.986336 seconds.
  path: Assets/Unity.VisualScripting.Generated/VisualScripting.Core/Property Providers/PropertyProvider_UnityEngine_UI_SpriteState.cs
  artifactKey: Guid(51a19b8339cf8f345aede0be7ffd85ea) Importer(2089858483,0ecaa5967403d082aa24f35e1b516d23)
Start importing Assets/Unity.VisualScripting.Generated/VisualScripting.Core/Property Providers/PropertyProvider_UnityEngine_UI_SpriteState.cs using Guid(51a19b8339cf8f345aede0be7ffd85ea) Importer(2089858483,0ecaa5967403d082aa24f35e1b516d23) Generated GUIDs only implemented for interfaces!
 -> (artifact id: '8e22b5634e7231269fda1e57475fa90b') in 0.037503 seconds
Number of updated asset objects reloaded before import = 0
Number of asset objects unloaded after import = 1
========================================================================
Received Import Request.
  Time since last request: 0.000066 seconds.
  path: Assets/Unity.VisualScripting.Generated/VisualScripting.Core/Property Providers/PropertyProvider_UnityEngine_TextCore_LowLevel_GlyphPairAdjustmentRecord.cs
  artifactKey: Guid(28ffa2f0f100f2f40a0e6906a6af770e) Importer(2089858483,0ecaa5967403d082aa24f35e1b516d23)
Start importing Assets/Unity.VisualScripting.Generated/VisualScripting.Core/Property Providers/PropertyProvider_UnityEngine_TextCore_LowLevel_GlyphPairAdjustmentRecord.cs using Guid(28ffa2f0f100f2f40a0e6906a6af770e) Importer(2089858483,0ecaa5967403d082aa24f35e1b516d23) Generated GUIDs only implemented for interfaces!
 -> (artifact id: 'd4868ce6deb8b1926277f959437947b6') in 0.036403 seconds
Number of updated asset objects reloaded before import = 0
Number of asset objects unloaded after import = 1
========================================================================
Received Import Request.
  Time since last request: 0.000062 seconds.
  path: Assets/Unity.VisualScripting.Generated/VisualScripting.Core/Property Providers/PropertyProvider_UnityEngine_UI_ColorBlock.cs
  artifactKey: Guid(e7e38260489e3b241be7765a586007af) Importer(2089858483,0ecaa5967403d082aa24f35e1b516d23)
Start importing Assets/Unity.VisualScripting.Generated/VisualScripting.Core/Property Providers/PropertyProvider_UnityEngine_UI_ColorBlock.cs using Guid(e7e38260489e3b241be7765a586007af) Importer(2089858483,0ecaa5967403d082aa24f35e1b516d23) Generated GUIDs only implemented for interfaces!
 -> (artifact id: '56752f8312092471080df8a2d5f73ede') in 0.032352 seconds
Number of updated asset objects reloaded before import = 0
Number of asset objects unloaded after import = 1
========================================================================
Received Import Request.
  Time since last request: 0.000086 seconds.
  path: Assets/Unity.VisualScripting.Generated/VisualScripting.Core/Property Providers/PropertyProvider_UnityEngine_UI_ScrollRect_ScrollRectEvent.cs
  artifactKey: Guid(d7247796b5960d442a3281a277eb6d96) Importer(2089858483,0ecaa5967403d082aa24f35e1b516d23)
Start importing Assets/Unity.VisualScripting.Generated/VisualScripting.Core/Property Providers/PropertyProvider_UnityEngine_UI_ScrollRect_ScrollRectEvent.cs using Guid(d7247796b5960d442a3281a277eb6d96) Importer(2089858483,0ecaa5967403d082aa24f35e1b516d23) Generated GUIDs only implemented for interfaces!
 -> (artifact id: '6f49262433d8c85d757721935e74d90d') in 0.027314 seconds
Number of updated asset objects reloaded before import = 0
Number of asset objects unloaded after import = 1
========================================================================
Received Import Request.
  Time since last request: 0.000081 seconds.
  path: Assets/Unity.VisualScripting.Generated/VisualScripting.Core/Property Providers/PropertyProvider_UnityEngine_TextCore_Text_UnicodeLineBreakingRules.cs
  artifactKey: Guid(6f2509f19c6e3d342963ba002b1f03b8) Importer(2089858483,0ecaa5967403d082aa24f35e1b516d23)
Start importing Assets/Unity.VisualScripting.Generated/VisualScripting.Core/Property Providers/PropertyProvider_UnityEngine_TextCore_Text_UnicodeLineBreakingRules.cs using Guid(6f2509f19c6e3d342963ba002b1f03b8) Importer(2089858483,0ecaa5967403d082aa24f35e1b516d23) Generated GUIDs only implemented for interfaces!
 -> (artifact id: '04f598e79a53bb2827f694cf27328e9c') in 0.022795 seconds
Number of updated asset objects reloaded before import = 0
Number of asset objects unloaded after import = 1
========================================================================
Received Import Request.
  Time since last request: 0.000051 seconds.
  path: Assets/Unity.VisualScripting.Generated/VisualScripting.Core/Property Providers/PropertyProvider_UnityEngine_UI_Toggle_ToggleEvent.cs
  artifactKey: Guid(33ef66b3a9d2280478e4a2da6346191d) Importer(2089858483,0ecaa5967403d082aa24f35e1b516d23)
Start importing Assets/Unity.VisualScripting.Generated/VisualScripting.Core/Property Providers/PropertyProvider_UnityEngine_UI_Toggle_ToggleEvent.cs using Guid(33ef66b3a9d2280478e4a2da6346191d) Importer(2089858483,0ecaa5967403d082aa24f35e1b516d23) Generated GUIDs only implemented for interfaces!
 -> (artifact id: '491e11ffeb58feb8022d486aac4026f6') in 0.023526 seconds
Number of updated asset objects reloaded before import = 0
Number of asset objects unloaded after import = 1
========================================================================
Received Import Request.
  Time since last request: 0.000042 seconds.
  path: Assets/Unity.VisualScripting.Generated/VisualScripting.Core/Property Providers/PropertyProvider_TMPro_TMP_Style.cs
  artifactKey: Guid(d9b88e3616bb1df4c900c1c2b860530a) Importer(2089858483,0ecaa5967403d082aa24f35e1b516d23)
Start importing Assets/Unity.VisualScripting.Generated/VisualScripting.Core/Property Providers/PropertyProvider_TMPro_TMP_Style.cs using Guid(d9b88e3616bb1df4c900c1c2b860530a) Importer(2089858483,0ecaa5967403d082aa24f35e1b516d23) Generated GUIDs only implemented for interfaces!
 -> (artifact id: 'a3589a0e853772d95c2401ca43f1ba84') in 0.023365 seconds
Number of updated asset objects reloaded before import = 0
Number of asset objects unloaded after import = 1
========================================================================
Received Import Request.
  Time since last request: 0.000107 seconds.
  path: Assets/Unity.VisualScripting.Generated/VisualScripting.Core/Property Providers/PropertyProvider_TMPro_TMP_Dropdown_DropdownEvent.cs
  artifactKey: Guid(b3043044282f48c4d8eb29f6bbc4676f) Importer(2089858483,0ecaa5967403d082aa24f35e1b516d23)
Start importing Assets/Unity.VisualScripting.Generated/VisualScripting.Core/Property Providers/PropertyProvider_TMPro_TMP_Dropdown_DropdownEvent.cs using Guid(b3043044282f48c4d8eb29f6bbc4676f) Importer(2089858483,0ecaa5967403d082aa24f35e1b516d23) Generated GUIDs only implemented for interfaces!
 -> (artifact id: 'ae5e07abbb66b2803daa4e4f0fffafa8') in 0.020142 seconds
Number of updated asset objects reloaded before import = 0
Number of asset objects unloaded after import = 1
========================================================================
Received Import Request.
  Time since last request: 0.000101 seconds.
  path: Assets/Unity.VisualScripting.Generated/VisualScripting.Core/Property Providers/PropertyProvider_TMPro_TMP_SpriteGlyph.cs
  artifactKey: Guid(40873424db70d7c4989e574cd7e761f4) Importer(2089858483,0ecaa5967403d082aa24f35e1b516d23)
Start importing Assets/Unity.VisualScripting.Generated/VisualScripting.Core/Property Providers/PropertyProvider_TMPro_TMP_SpriteGlyph.cs using Guid(40873424db70d7c4989e574cd7e761f4) Importer(2089858483,0ecaa5967403d082aa24f35e1b516d23) Generated GUIDs only implemented for interfaces!
 -> (artifact id: 'ea8596e8ffb10943bd06b1e28aeb1272') in 0.019334 seconds
Number of updated asset objects reloaded before import = 0
Number of asset objects unloaded after import = 1
========================================================================
Received Import Request.
  Time since last request: 0.000045 seconds.
  path: Assets/Unity.VisualScripting.Generated/VisualScripting.Core/Property Providers/PropertyProvider_TMPro_TMP_FontWeightPair.cs
  artifactKey: Guid(2141dd2509d798b4cae6aeb35810d0e5) Importer(2089858483,0ecaa5967403d082aa24f35e1b516d23)
Start importing Assets/Unity.VisualScripting.Generated/VisualScripting.Core/Property Providers/PropertyProvider_TMPro_TMP_FontWeightPair.cs using Guid(2141dd2509d798b4cae6aeb35810d0e5) Importer(2089858483,0ecaa5967403d082aa24f35e1b516d23) Generated GUIDs only implemented for interfaces!
 -> (artifact id: '42cc2c5f3cb3171df768b001adf000bc') in 0.020391 seconds
Number of updated asset objects reloaded before import = 0
Number of asset objects unloaded after import = 1
========================================================================
Received Prepare
Begin MonoManager ReloadAssembly
Symbol file LoadedFromMemory doesn't match image C:\HW\EliminateGame\Library\PackageCache\com.unity.visualscripting@1.8.0\Editor\VisualScripting.Core\Dependencies\YamlDotNet\Unity.VisualScripting.YamlDotNet.dll
Symbol file LoadedFromMemory doesn't match image C:\HW\EliminateGame\Library\PackageCache\com.unity.visualscripting@1.8.0\Editor\VisualScripting.Core\Dependencies\DotNetZip\Unity.VisualScripting.IonicZip.dll
- Loaded All Assemblies, in  0.747 seconds
Refreshing native plugins compatible for Editor in 4.89 ms, found 3 plugins.
Native extension for WindowsStandalone target not found
Mono: successfully reloaded assembly
- Finished resetting the current domain, in  1.077 seconds
Domain Reload Profiling: 1821ms
	BeginReloadAssembly (155ms)
		ExecutionOrderSort (0ms)
		DisableScriptedObjects (5ms)
		BackupInstance (0ms)
		ReleaseScriptingObjects (0ms)
		CreateAndSetChildDomain (45ms)
	RebuildCommonClasses (30ms)
	RebuildNativeTypeToScriptingClass (15ms)
	initialDomainReloadingComplete (34ms)
	LoadAllAssembliesAndSetupDomain (509ms)
		LoadAssemblies (289ms)
		RebuildTransferFunctionScriptingTraits (0ms)
		AnalyzeDomain (284ms)
			TypeCache.Refresh (272ms)
				TypeCache.ScanAssembly (260ms)
			ScanForSourceGeneratedMonoScriptInfo (2ms)
			ResolveRequiredComponents (10ms)
	FinalizeReload (1078ms)
		ReleaseScriptCaches (0ms)
		RebuildScriptCaches (0ms)
		SetupLoadedEditorAssemblies (510ms)
			LogAssemblyErrors (0ms)
			InitializePlatformSupportModulesInManaged (8ms)
			SetLoadedEditorAssemblies (9ms)
			RefreshPlugins (0ms)
			BeforeProcessingInitializeOnLoad (134ms)
			ProcessInitializeOnLoadAttributes (314ms)
			ProcessInitializeOnLoadMethodAttributes (34ms)
			AfterProcessingInitializeOnLoad (10ms)
			EditorAssembliesLoaded (0ms)
		ExecutionOrderSort2 (0ms)
		AwakeInstancesAfterBackupRestoration (9ms)
Refreshing native plugins compatible for Editor in 3.76 ms, found 3 plugins.
Preloading 0 native plugins for Editor in 0.00 ms.
Unloading 3119 Unused Serialized files (Serialized files now loaded: 0)
Unloading 22 unused Assets / (30.5 KB). Loaded Objects now: 3596.
Memory consumption went from 120.7 MB to 120.7 MB.
Total: 3.884100 ms (FindLiveObjects: 0.375300 ms CreateObjectMapping: 0.155700 ms MarkObjects: 3.303900 ms  DeleteObjects: 0.047300 ms)

Prepare: number of updated asset objects reloaded= 0
AssetImportParameters requested are different than current active one (requested -> active):
  custom:container-demuxer-ogg: 62fdf1f143b41e24485cea50d1cbac27 -> 
  custom:video-codec-MediaFoundation-h265: 746d11721c4dcdbdad8f713fa42b33f4 -> 
  custom:video-decoder-ogg-theora: a1e56fd34408186e4bbccfd4996cb3dc -> 
  custom:framework-win-MediaFoundation: 216162199b28c13a410421893ffa2e32 -> 
  custom:container-demuxer-webm: 4f35f7cbe854078d1ac9338744f61a02 -> 
  custom:container-muxer-webm: aa71ff27fc2769a1b78a27578f13a17b -> 
  custom:video-decoder-webm-vp8: 9c59270c3fd7afecdb556c50c9e8de78 -> 
  custom:SearchIndexIgnoredProperties: e643bd26f0fe6173181afceb89e7c659 -> 
  custom:AudioImporter_EditorPlatform: d09bf68614088b80899f8185d706f6e7 -> 
  custom:video-encoder-webm-vp8: eb34c28f22e8b96e1ab97ce403110664 -> 
  custom:audio-decoder-ogg-vorbis: bf7c407c2cedff20999df2af8eb42d56 -> 
  custom:audio-encoder-webm-vorbis: bf7c407c2cedff20999df2af8eb42d56 -> 
Editor requested this worker to shutdown with reason: Scaling down because of idle timeout
TcpMessagingSession - receive error: operation aborted. errorcode: 995, details: 由于线程退出或应用程序请求，已中止 I/O 操作。
AssetImportWorker is now disconnected from the server
Process exiting
Exiting without the bug reporter. Application will terminate with return code 0