Using pre-set license
Built from '2022.3/china_unity/release' branch; Version is '2022.3.0f1c1 (aad67108fc1f) revision 11196017'; Using compiler version '192829333'; Build Type 'Release'
OS: 'Windows 11  (10.0.22621) 64bit CoreCountrySpecific' Language: 'zh' Physical Memory: 16010 MB
BatchMode: 1, IsHumanControllingUs: 0, StartBugReporterOnCrash: 0, Is64bit: 1, IsPro: 1

COMMAND LINE ARGUMENTS:
C:\Unity\2022.3.0f1c1\Editor\Unity.exe
-adb2
-batchMode
-noUpm
-name
AssetImportWorker3
-projectPath
C:/HW/EliminateGame
-logFile
Logs/AssetImportWorker3.log
-srvPort
51228
Successfully changed project path to: C:/HW/EliminateGame
C:/HW/EliminateGame
[UnityMemory] Configuration Parameters - Can be set up in boot.config
    "memorysetup-bucket-allocator-granularity=16"
    "memorysetup-bucket-allocator-bucket-count=8"
    "memorysetup-bucket-allocator-block-size=33554432"
    "memorysetup-bucket-allocator-block-count=8"
    "memorysetup-main-allocator-block-size=16777216"
    "memorysetup-thread-allocator-block-size=16777216"
    "memorysetup-gfx-main-allocator-block-size=16777216"
    "memorysetup-gfx-thread-allocator-block-size=16777216"
    "memorysetup-cache-allocator-block-size=4194304"
    "memorysetup-typetree-allocator-block-size=2097152"
    "memorysetup-profiler-bucket-allocator-granularity=16"
    "memorysetup-profiler-bucket-allocator-bucket-count=8"
    "memorysetup-profiler-bucket-allocator-block-size=33554432"
    "memorysetup-profiler-bucket-allocator-block-count=8"
    "memorysetup-profiler-allocator-block-size=16777216"
    "memorysetup-profiler-editor-allocator-block-size=1048576"
    "memorysetup-temp-allocator-size-main=16777216"
    "memorysetup-job-temp-allocator-block-size=2097152"
    "memorysetup-job-temp-allocator-block-size-background=1048576"
    "memorysetup-job-temp-allocator-reduction-small-platforms=262144"
    "memorysetup-allocator-temp-initial-block-size-main=262144"
    "memorysetup-allocator-temp-initial-block-size-worker=262144"
    "memorysetup-temp-allocator-size-background-worker=32768"
    "memorysetup-temp-allocator-size-job-worker=262144"
    "memorysetup-temp-allocator-size-preload-manager=33554432"
    "memorysetup-temp-allocator-size-nav-mesh-worker=65536"
    "memorysetup-temp-allocator-size-audio-worker=65536"
    "memorysetup-temp-allocator-size-cloud-worker=32768"
    "memorysetup-temp-allocator-size-gi-baking-worker=262144"
    "memorysetup-temp-allocator-size-gfx=262144"
Player connection [28460] Host "[IP] 192.168.1.108 [Port] 0 [Flags] 2 [Guid] 3184395103 [EditorId] 3184395103 [Version] 1048832 [Id] WindowsEditor(7,LAPTOP-NCA5MH2B) [Debug] 1 [PackageName] WindowsEditor [ProjectName] Editor" joined multi-casting on [225.0.0.222:54997]...

Player connection [28460] Host "[IP] 192.168.1.108 [Port] 0 [Flags] 2 [Guid] 3184395103 [EditorId] 3184395103 [Version] 1048832 [Id] WindowsEditor(7,LAPTOP-NCA5MH2B) [Debug] 1 [PackageName] WindowsEditor [ProjectName] Editor" joined alternative multi-casting on [225.0.0.222:34997]...

Refreshing native plugins compatible for Editor in 15.06 ms, found 3 plugins.
Preloading 0 native plugins for Editor in 0.00 ms.
Initialize engine version: 2022.3.0f1c1 (aad67108fc1f)
[Subsystems] Discovering subsystems at path C:/Unity/2022.3.0f1c1/Editor/Data/Resources/UnitySubsystems
[Subsystems] Discovering subsystems at path C:/HW/EliminateGame/Assets
GfxDevice: creating device client; threaded=0; jobified=0
Direct3D:
    Version:  Direct3D 11.0 [level 11.1]
    Renderer: NVIDIA GeForce RTX 4060 Laptop GPU (ID=0x28e0)
    Vendor:   NVIDIA
    VRAM:     7971 MB
    Driver:   31.0.15.3168
Initialize mono
Mono path[0] = 'C:/Unity/2022.3.0f1c1/Editor/Data/Managed'
Mono path[1] = 'C:/Unity/2022.3.0f1c1/Editor/Data/MonoBleedingEdge/lib/mono/unityjit-win32'
Mono config path = 'C:/Unity/2022.3.0f1c1/Editor/Data/MonoBleedingEdge/etc'
Using monoOptions --debugger-agent=transport=dt_socket,embedding=1,server=y,suspend=n,address=127.0.0.1:56436
Begin MonoManager ReloadAssembly
Registering precompiled unity dll's ...
Register platform support module: C:/Unity/2022.3.0f1c1/Editor/Data/PlaybackEngines/WindowsStandaloneSupport/UnityEditor.WindowsStandalone.Extensions.dll
Registered in 0.005969 seconds.
- Loaded All Assemblies, in  0.334 seconds
Native extension for WindowsStandalone target not found
Mono: successfully reloaded assembly
- Finished resetting the current domain, in  0.291 seconds
Domain Reload Profiling: 623ms
	BeginReloadAssembly (92ms)
		ExecutionOrderSort (0ms)
		DisableScriptedObjects (0ms)
		BackupInstance (0ms)
		ReleaseScriptingObjects (0ms)
		CreateAndSetChildDomain (1ms)
	RebuildCommonClasses (32ms)
	RebuildNativeTypeToScriptingClass (11ms)
	initialDomainReloadingComplete (55ms)
	LoadAllAssembliesAndSetupDomain (141ms)
		LoadAssemblies (86ms)
		RebuildTransferFunctionScriptingTraits (0ms)
		AnalyzeDomain (134ms)
			TypeCache.Refresh (134ms)
				TypeCache.ScanAssembly (122ms)
			ScanForSourceGeneratedMonoScriptInfo (0ms)
			ResolveRequiredComponents (0ms)
	FinalizeReload (291ms)
		ReleaseScriptCaches (0ms)
		RebuildScriptCaches (0ms)
		SetupLoadedEditorAssemblies (230ms)
			LogAssemblyErrors (0ms)
			InitializePlatformSupportModulesInManaged (8ms)
			SetLoadedEditorAssemblies (9ms)
			RefreshPlugins (0ms)
			BeforeProcessingInitializeOnLoad (2ms)
			ProcessInitializeOnLoadAttributes (153ms)
			ProcessInitializeOnLoadMethodAttributes (58ms)
			AfterProcessingInitializeOnLoad (0ms)
			EditorAssembliesLoaded (0ms)
		ExecutionOrderSort2 (0ms)
		AwakeInstancesAfterBackupRestoration (0ms)
========================================================================
Worker process is ready to serve import requests
Begin MonoManager ReloadAssembly
Symbol file LoadedFromMemory doesn't match image C:\HW\EliminateGame\Library\PackageCache\com.unity.visualscripting@1.8.0\Editor\VisualScripting.Core\Dependencies\YamlDotNet\Unity.VisualScripting.YamlDotNet.dll
Symbol file LoadedFromMemory doesn't match image C:\HW\EliminateGame\Library\PackageCache\com.unity.visualscripting@1.8.0\Editor\VisualScripting.Core\Dependencies\DotNetZip\Unity.VisualScripting.IonicZip.dll
- Loaded All Assemblies, in  0.802 seconds
Refreshing native plugins compatible for Editor in 3.03 ms, found 3 plugins.
Native extension for WindowsStandalone target not found
Mono: successfully reloaded assembly
- Finished resetting the current domain, in  0.554 seconds
Domain Reload Profiling: 1352ms
	BeginReloadAssembly (141ms)
		ExecutionOrderSort (0ms)
		DisableScriptedObjects (6ms)
		BackupInstance (0ms)
		ReleaseScriptingObjects (0ms)
		CreateAndSetChildDomain (24ms)
	RebuildCommonClasses (47ms)
	RebuildNativeTypeToScriptingClass (14ms)
	initialDomainReloadingComplete (55ms)
	LoadAllAssembliesAndSetupDomain (539ms)
		LoadAssemblies (301ms)
		RebuildTransferFunctionScriptingTraits (0ms)
		AnalyzeDomain (300ms)
			TypeCache.Refresh (284ms)
				TypeCache.ScanAssembly (272ms)
			ScanForSourceGeneratedMonoScriptInfo (13ms)
			ResolveRequiredComponents (3ms)
	FinalizeReload (555ms)
		ReleaseScriptCaches (0ms)
		RebuildScriptCaches (0ms)
		SetupLoadedEditorAssemblies (388ms)
			LogAssemblyErrors (0ms)
			InitializePlatformSupportModulesInManaged (5ms)
			SetLoadedEditorAssemblies (6ms)
			RefreshPlugins (0ms)
			BeforeProcessingInitializeOnLoad (105ms)
			ProcessInitializeOnLoadAttributes (247ms)
			ProcessInitializeOnLoadMethodAttributes (17ms)
			AfterProcessingInitializeOnLoad (7ms)
			EditorAssembliesLoaded (0ms)
		ExecutionOrderSort2 (0ms)
		AwakeInstancesAfterBackupRestoration (8ms)
Launched and connected shader compiler UnityShaderCompiler.exe after 0.05 seconds
Refreshing native plugins compatible for Editor in 5.00 ms, found 3 plugins.
Preloading 0 native plugins for Editor in 0.00 ms.
Unloading 3080 Unused Serialized files (Serialized files now loaded: 0)
Unloading 31 unused Assets / (56.2 KB). Loaded Objects now: 3545.
Memory consumption went from 120.9 MB to 120.9 MB.
Total: 2.684300 ms (FindLiveObjects: 0.172600 ms CreateObjectMapping: 0.079300 ms MarkObjects: 2.308100 ms  DeleteObjects: 0.123300 ms)

AssetImportParameters requested are different than current active one (requested -> active):
  custom:container-demuxer-ogg: 62fdf1f143b41e24485cea50d1cbac27 -> 
  custom:video-codec-MediaFoundation-h265: 746d11721c4dcdbdad8f713fa42b33f4 -> 
  custom:video-decoder-ogg-theora: a1e56fd34408186e4bbccfd4996cb3dc -> 
  custom:framework-win-MediaFoundation: 216162199b28c13a410421893ffa2e32 -> 
  custom:container-demuxer-webm: 4f35f7cbe854078d1ac9338744f61a02 -> 
  custom:container-muxer-webm: aa71ff27fc2769a1b78a27578f13a17b -> 
  custom:video-decoder-webm-vp8: 9c59270c3fd7afecdb556c50c9e8de78 -> 
  custom:AudioImporter_EditorPlatform: d09bf68614088b80899f8185d706f6e7 -> 
  custom:video-encoder-webm-vp8: eb34c28f22e8b96e1ab97ce403110664 -> 
  custom:audio-decoder-ogg-vorbis: bf7c407c2cedff20999df2af8eb42d56 -> 
  custom:audio-encoder-webm-vorbis: bf7c407c2cedff20999df2af8eb42d56 -> 
========================================================================
Received Import Request.
  Time since last request: 303087.143960 seconds.
  path: Assets/GameResources/Effects/Star2.png
  artifactKey: Guid(3c75c63c7757bb1478c11e24b04082d5) Importer(2089858483,0ecaa5967403d082aa24f35e1b516d23)
Start importing Assets/GameResources/Effects/Star2.png using Guid(3c75c63c7757bb1478c11e24b04082d5) Importer(2089858483,0ecaa5967403d082aa24f35e1b516d23) Generated GUIDs only implemented for interfaces!
 -> (artifact id: '1bc85836650b458f4d1ce89225aa02e9') in 0.178518 seconds
Number of updated asset objects reloaded before import = 0
Number of asset objects unloaded after import = 3
========================================================================
Received Import Request.
  Time since last request: 0.000042 seconds.
  path: Assets/GameResources/Effects/BiscuitShadow.png
  artifactKey: Guid(877cb8c6f577bb14798ceb3389bfb61b) Importer(2089858483,0ecaa5967403d082aa24f35e1b516d23)
Start importing Assets/GameResources/Effects/BiscuitShadow.png using Guid(877cb8c6f577bb14798ceb3389bfb61b) Importer(2089858483,0ecaa5967403d082aa24f35e1b516d23) Generated GUIDs only implemented for interfaces!
 -> (artifact id: 'ada532468c32317ed65dac6b465a882a') in 0.036530 seconds
Number of updated asset objects reloaded before import = 0
Number of asset objects unloaded after import = 3
========================================================================
Received Import Request.
  Time since last request: 0.000020 seconds.
  path: Assets/GameResources/Sweets/Yellow.png
  artifactKey: Guid(5fdf0ab3dfbca2947b07fc8a2f0e04b0) Importer(2089858483,0ecaa5967403d082aa24f35e1b516d23)
Start importing Assets/GameResources/Sweets/Yellow.png using Guid(5fdf0ab3dfbca2947b07fc8a2f0e04b0) Importer(2089858483,0ecaa5967403d082aa24f35e1b516d23) Generated GUIDs only implemented for interfaces!
 -> (artifact id: '80bffa525a0cdc949d3298c61e32c918') in 0.039072 seconds
Number of updated asset objects reloaded before import = 0
Number of asset objects unloaded after import = 3
========================================================================
Received Import Request.
  Time since last request: 0.000029 seconds.
  path: Assets/Scrips/SweetClearLine.cs
  artifactKey: Guid(813cf06cb2d7fd741b3b8115f53be560) Importer(2089858483,0ecaa5967403d082aa24f35e1b516d23)
Start importing Assets/Scrips/SweetClearLine.cs using Guid(813cf06cb2d7fd741b3b8115f53be560) Importer(2089858483,0ecaa5967403d082aa24f35e1b516d23) Generated GUIDs only implemented for interfaces!
 -> (artifact id: '88581ddbecc8cbfe03dd7083c4a07459') in 0.014042 seconds
Number of updated asset objects reloaded before import = 0
Number of asset objects unloaded after import = 1
========================================================================
Received Import Request.
  Time since last request: 0.000110 seconds.
  path: Assets/Animation/DestoryRainBow.anim
  artifactKey: Guid(e052946d77b82b1458dd785aa2a2c790) Importer(2089858483,0ecaa5967403d082aa24f35e1b516d23)
Start importing Assets/Animation/DestoryRainBow.anim using Guid(e052946d77b82b1458dd785aa2a2c790) Importer(2089858483,0ecaa5967403d082aa24f35e1b516d23) Generated GUIDs only implemented for interfaces!
 -> (artifact id: '3e57fd024ed7ea80b13b1e8fbc99a9b4') in 0.022265 seconds
Number of updated asset objects reloaded before import = 0
Number of asset objects unloaded after import = 1
========================================================================
Received Import Request.
  Time since last request: 0.000021 seconds.
  path: Assets/GameResources/Effects/RadialShine.png
  artifactKey: Guid(1dd4d11b89649d748917065a4e16429b) Importer(2089858483,0ecaa5967403d082aa24f35e1b516d23)
Start importing Assets/GameResources/Effects/RadialShine.png using Guid(1dd4d11b89649d748917065a4e16429b) Importer(2089858483,0ecaa5967403d082aa24f35e1b516d23) Generated GUIDs only implemented for interfaces!
 -> (artifact id: 'f5f152fd16f20cfe0cc6b14de1634cdb') in 0.049374 seconds
Number of updated asset objects reloaded before import = 0
Number of asset objects unloaded after import = 3
========================================================================
Received Import Request.
  Time since last request: 0.000019 seconds.
  path: Assets/GameResources/AudioSource/anime_01_loop.ogg
  artifactKey: Guid(a281f697c9e9a4ea99fddf012dea6bab) Importer(2089858483,0ecaa5967403d082aa24f35e1b516d23)
Start importing Assets/GameResources/AudioSource/anime_01_loop.ogg using Guid(a281f697c9e9a4ea99fddf012dea6bab) Importer(2089858483,0ecaa5967403d082aa24f35e1b516d23) Generated GUIDs only implemented for interfaces!
 -> (artifact id: 'e354ca87ab141b371bdc4c06a561137e') in 0.097518 seconds
Number of updated asset objects reloaded before import = 0
Number of asset objects unloaded after import = 1
========================================================================
Received Import Request.
  Time since last request: 0.000020 seconds.
  path: Assets/GameResources/UI/Game/Bubbles/OrangeBubble.png
  artifactKey: Guid(4a650628a0316fd47a6f4519757572a0) Importer(2089858483,0ecaa5967403d082aa24f35e1b516d23)
Start importing Assets/GameResources/UI/Game/Bubbles/OrangeBubble.png using Guid(4a650628a0316fd47a6f4519757572a0) Importer(2089858483,0ecaa5967403d082aa24f35e1b516d23) Generated GUIDs only implemented for interfaces!
 -> (artifact id: 'a08f38742aeaf3cf19386dbe61cce23e') in 0.035532 seconds
Number of updated asset objects reloaded before import = 0
Number of asset objects unloaded after import = 3
========================================================================
Received Import Request.
  Time since last request: 0.000050 seconds.
  path: Assets/Animation/DestoryBarrier.anim
  artifactKey: Guid(3cd95362ca88c60438429fb1960eb677) Importer(2089858483,0ecaa5967403d082aa24f35e1b516d23)
Start importing Assets/Animation/DestoryBarrier.anim using Guid(3cd95362ca88c60438429fb1960eb677) Importer(2089858483,0ecaa5967403d082aa24f35e1b516d23) Generated GUIDs only implemented for interfaces!
 -> (artifact id: '905b7985c8e11b46486701613c57e76a') in 0.019992 seconds
Number of updated asset objects reloaded before import = 0
Number of asset objects unloaded after import = 1
========================================================================
Received Import Request.
  Time since last request: 0.000019 seconds.
  path: Assets/GameResources/Effects/Stripes.png
  artifactKey: Guid(0799138cb08c29e4ab9e8623905b043c) Importer(2089858483,0ecaa5967403d082aa24f35e1b516d23)
Start importing Assets/GameResources/Effects/Stripes.png using Guid(0799138cb08c29e4ab9e8623905b043c) Importer(2089858483,0ecaa5967403d082aa24f35e1b516d23) Generated GUIDs only implemented for interfaces!
 -> (artifact id: '43c2eda3210bd56c3110857a5095c34e') in 0.039364 seconds
Number of updated asset objects reloaded before import = 0
Number of asset objects unloaded after import = 3
========================================================================
Received Import Request.
  Time since last request: 0.000021 seconds.
  path: Assets/GameResources/Sweets/Purple.png
  artifactKey: Guid(2f5541ddc6d03394c9bb904306064249) Importer(2089858483,0ecaa5967403d082aa24f35e1b516d23)
Start importing Assets/GameResources/Sweets/Purple.png using Guid(2f5541ddc6d03394c9bb904306064249) Importer(2089858483,0ecaa5967403d082aa24f35e1b516d23) Generated GUIDs only implemented for interfaces!
 -> (artifact id: '1313edc9b9be2bf71ffd791098a09b60') in 0.038438 seconds
Number of updated asset objects reloaded before import = 0
Number of asset objects unloaded after import = 3
========================================================================
Received Import Request.
  Time since last request: 0.000028 seconds.
  path: Assets/GameResources/UI/Game/TopInfoBox.png
  artifactKey: Guid(0b97f948f3adc4041a7484e277356f78) Importer(2089858483,0ecaa5967403d082aa24f35e1b516d23)
Start importing Assets/GameResources/UI/Game/TopInfoBox.png using Guid(0b97f948f3adc4041a7484e277356f78) Importer(2089858483,0ecaa5967403d082aa24f35e1b516d23) Generated GUIDs only implemented for interfaces!
 -> (artifact id: 'dabf553a3d9c3f7dc1b6fe7b32673652') in 0.035919 seconds
Number of updated asset objects reloaded before import = 0
Number of asset objects unloaded after import = 3
========================================================================
Received Import Request.
  Time since last request: 0.000021 seconds.
  path: Assets/GameResources/Sweets/Pink.png
  artifactKey: Guid(c0521331ff0265648aca5470fa6c1e4e) Importer(2089858483,0ecaa5967403d082aa24f35e1b516d23)
Start importing Assets/GameResources/Sweets/Pink.png using Guid(c0521331ff0265648aca5470fa6c1e4e) Importer(2089858483,0ecaa5967403d082aa24f35e1b516d23) Generated GUIDs only implemented for interfaces!
 -> (artifact id: 'e9fce07df1587ea69c43a7afe6ffe451') in 0.035134 seconds
Number of updated asset objects reloaded before import = 0
Number of asset objects unloaded after import = 3
========================================================================
Received Prepare
Refreshing native plugins compatible for Editor in 5.35 ms, found 3 plugins.
Preloading 0 native plugins for Editor in 0.00 ms.
Unloading 0 Unused Serialized files (Serialized files now loaded: 0)
Unloading 1 unused Assets / (0.8 KB). Loaded Objects now: 3545.
Memory consumption went from 72.0 MB to 72.0 MB.
Total: 3.108000 ms (FindLiveObjects: 0.313700 ms CreateObjectMapping: 0.159000 ms MarkObjects: 2.603700 ms  DeleteObjects: 0.030500 ms)

Prepare: number of updated asset objects reloaded= 0
AssetImportParameters requested are different than current active one (requested -> active):
  custom:container-demuxer-ogg: 62fdf1f143b41e24485cea50d1cbac27 -> 
  custom:video-codec-MediaFoundation-h265: 746d11721c4dcdbdad8f713fa42b33f4 -> 
  custom:video-decoder-ogg-theora: a1e56fd34408186e4bbccfd4996cb3dc -> 
  custom:framework-win-MediaFoundation: 216162199b28c13a410421893ffa2e32 -> 
  custom:container-demuxer-webm: 4f35f7cbe854078d1ac9338744f61a02 -> 
  custom:container-muxer-webm: aa71ff27fc2769a1b78a27578f13a17b -> 
  custom:video-decoder-webm-vp8: 9c59270c3fd7afecdb556c50c9e8de78 -> 
  custom:SearchIndexIgnoredProperties: e643bd26f0fe6173181afceb89e7c659 -> 
  custom:AudioImporter_EditorPlatform: d09bf68614088b80899f8185d706f6e7 -> 
  custom:video-encoder-webm-vp8: eb34c28f22e8b96e1ab97ce403110664 -> 
  custom:audio-decoder-ogg-vorbis: bf7c407c2cedff20999df2af8eb42d56 -> 
  custom:audio-encoder-webm-vorbis: bf7c407c2cedff20999df2af8eb42d56 -> 
========================================================================
Received Import Request.
  Time since last request: 51.999896 seconds.
  path: Assets/Unity.VisualScripting.Generated/VisualScripting.Core/Property Providers/PropertyProvider_UnityEngine_ParticleSystem_MinMaxGradient.cs
  artifactKey: Guid(7ead79a48f0fae642b4e8684e85f0614) Importer(2089858483,0ecaa5967403d082aa24f35e1b516d23)
Start importing Assets/Unity.VisualScripting.Generated/VisualScripting.Core/Property Providers/PropertyProvider_UnityEngine_ParticleSystem_MinMaxGradient.cs using Guid(7ead79a48f0fae642b4e8684e85f0614) Importer(2089858483,0ecaa5967403d082aa24f35e1b516d23) Generated GUIDs only implemented for interfaces!
 -> (artifact id: '53bbe245a4ca491ed5dd645f0edd74c0') in 0.043747 seconds
Number of updated asset objects reloaded before import = 0
Number of asset objects unloaded after import = 1
========================================================================
Received Import Request.
  Time since last request: 0.000055 seconds.
  path: Assets/Unity.VisualScripting.Generated/VisualScripting.Core/Property Providers/PropertyProvider_UnityEngine_Events_UnityEventBase.cs
  artifactKey: Guid(3ca770aa111b29245aa730e4fe5df310) Importer(2089858483,0ecaa5967403d082aa24f35e1b516d23)
Start importing Assets/Unity.VisualScripting.Generated/VisualScripting.Core/Property Providers/PropertyProvider_UnityEngine_Events_UnityEventBase.cs using Guid(3ca770aa111b29245aa730e4fe5df310) Importer(2089858483,0ecaa5967403d082aa24f35e1b516d23) Generated GUIDs only implemented for interfaces!
 -> (artifact id: '27e1501f2f773cf5b9f39ada4274b215') in 0.032988 seconds
Number of updated asset objects reloaded before import = 0
Number of asset objects unloaded after import = 1
========================================================================
Received Import Request.
  Time since last request: 0.000054 seconds.
  path: Assets/Unity.VisualScripting.Generated/VisualScripting.Core/Property Providers/PropertyProvider_UnityEngine_UI_FontData.cs
  artifactKey: Guid(71bd65419b60add42a51832bd298efa2) Importer(2089858483,0ecaa5967403d082aa24f35e1b516d23)
Start importing Assets/Unity.VisualScripting.Generated/VisualScripting.Core/Property Providers/PropertyProvider_UnityEngine_UI_FontData.cs using Guid(71bd65419b60add42a51832bd298efa2) Importer(2089858483,0ecaa5967403d082aa24f35e1b516d23) Generated GUIDs only implemented for interfaces!
 -> (artifact id: 'b9f4847ee4f1d58f37a77260f8de6453') in 0.029163 seconds
Number of updated asset objects reloaded before import = 0
Number of asset objects unloaded after import = 1
========================================================================
Received Import Request.
  Time since last request: 0.000102 seconds.
  path: Assets/Unity.VisualScripting.Generated/VisualScripting.Core/Property Providers/PropertyProvider_TMPro_TMP_InputField_SelectionEvent.cs
  artifactKey: Guid(a2d7ab457a798464fa064362dd240b7c) Importer(2089858483,0ecaa5967403d082aa24f35e1b516d23)
Start importing Assets/Unity.VisualScripting.Generated/VisualScripting.Core/Property Providers/PropertyProvider_TMPro_TMP_InputField_SelectionEvent.cs using Guid(a2d7ab457a798464fa064362dd240b7c) Importer(2089858483,0ecaa5967403d082aa24f35e1b516d23) Generated GUIDs only implemented for interfaces!
 -> (artifact id: '78c4a2d3cec51fb3f2a1eb839a3441e0') in 0.027607 seconds
Number of updated asset objects reloaded before import = 0
Number of asset objects unloaded after import = 1
========================================================================
Received Import Request.
  Time since last request: 0.000034 seconds.
  path: Assets/Unity.VisualScripting.Generated/VisualScripting.Core/Property Providers
  artifactKey: Guid(32bbf14134009ab49951c37552b05f07) Importer(2089858483,0ecaa5967403d082aa24f35e1b516d23)
Start importing Assets/Unity.VisualScripting.Generated/VisualScripting.Core/Property Providers using Guid(32bbf14134009ab49951c37552b05f07) Importer(2089858483,0ecaa5967403d082aa24f35e1b516d23) Generated GUIDs only implemented for interfaces!
 -> (artifact id: '98e873c619a02f749463f2f5b14540f5') in 0.016807 seconds
Number of updated asset objects reloaded before import = 0
Number of asset objects unloaded after import = 1
========================================================================
Received Import Request.
  Time since last request: 0.000042 seconds.
  path: Assets/Unity.VisualScripting.Generated/VisualScripting.Core/Property Providers/PropertyProvider_UnityEngine_UI_Dropdown_DropdownEvent.cs
  artifactKey: Guid(11ea1c21a50e9da48b10d8752aa2b986) Importer(2089858483,0ecaa5967403d082aa24f35e1b516d23)
Start importing Assets/Unity.VisualScripting.Generated/VisualScripting.Core/Property Providers/PropertyProvider_UnityEngine_UI_Dropdown_DropdownEvent.cs using Guid(11ea1c21a50e9da48b10d8752aa2b986) Importer(2089858483,0ecaa5967403d082aa24f35e1b516d23) Generated GUIDs only implemented for interfaces!
 -> (artifact id: '17c3c15631cc4b8e4b1443ca8935b009') in 0.021000 seconds
Number of updated asset objects reloaded before import = 0
Number of asset objects unloaded after import = 1
========================================================================
Received Import Request.
  Time since last request: 0.000082 seconds.
  path: Assets/Unity.VisualScripting.Generated/VisualScripting.Core/Property Providers/PropertyProvider_UnityEngine_UI_InputField_EndEditEvent.cs
  artifactKey: Guid(b95a3e94d737e2e4aa33a8b3d648f31f) Importer(2089858483,0ecaa5967403d082aa24f35e1b516d23)
Start importing Assets/Unity.VisualScripting.Generated/VisualScripting.Core/Property Providers/PropertyProvider_UnityEngine_UI_InputField_EndEditEvent.cs using Guid(b95a3e94d737e2e4aa33a8b3d648f31f) Importer(2089858483,0ecaa5967403d082aa24f35e1b516d23) Generated GUIDs only implemented for interfaces!
 -> (artifact id: 'a02a5b1fd8eab7882db3196ad8b9a6f8') in 0.025178 seconds
Number of updated asset objects reloaded before import = 0
Number of asset objects unloaded after import = 1
========================================================================
Received Import Request.
  Time since last request: 0.000087 seconds.
  path: Assets/Unity.VisualScripting.Generated/VisualScripting.Core/Property Providers/PropertyProvider_UnityEngine_TextCore_Text_SpriteGlyph.cs
  artifactKey: Guid(c33377faaaa30fc44957cbaced630148) Importer(2089858483,0ecaa5967403d082aa24f35e1b516d23)
Start importing Assets/Unity.VisualScripting.Generated/VisualScripting.Core/Property Providers/PropertyProvider_UnityEngine_TextCore_Text_SpriteGlyph.cs using Guid(c33377faaaa30fc44957cbaced630148) Importer(2089858483,0ecaa5967403d082aa24f35e1b516d23) Generated GUIDs only implemented for interfaces!
 -> (artifact id: 'e8433eb3640897fab78c765284078afe') in 0.022162 seconds
Number of updated asset objects reloaded before import = 0
Number of asset objects unloaded after import = 1
========================================================================
Received Import Request.
  Time since last request: 0.000168 seconds.
  path: Assets/Unity.VisualScripting.Generated/VisualScripting.Core/Property Providers/PropertyProvider_UnityEngine_Events_UnityEvent.cs
  artifactKey: Guid(cfec2806fdb5aff4184a534849c43b6d) Importer(2089858483,0ecaa5967403d082aa24f35e1b516d23)
Start importing Assets/Unity.VisualScripting.Generated/VisualScripting.Core/Property Providers/PropertyProvider_UnityEngine_Events_UnityEvent.cs using Guid(cfec2806fdb5aff4184a534849c43b6d) Importer(2089858483,0ecaa5967403d082aa24f35e1b516d23) Generated GUIDs only implemented for interfaces!
 -> (artifact id: '8dfa857f390e566e1c2f3bea6beb2b9e') in 0.016763 seconds
Number of updated asset objects reloaded before import = 0
Number of asset objects unloaded after import = 1
========================================================================
Received Import Request.
  Time since last request: 0.000047 seconds.
  path: Assets/Unity.VisualScripting.Generated/VisualScripting.Core/Property Providers/PropertyProvider_TMPro_TextAlignmentOptions.cs
  artifactKey: Guid(680df8dfbce876f49b05ecf4b9f8c434) Importer(2089858483,0ecaa5967403d082aa24f35e1b516d23)
Start importing Assets/Unity.VisualScripting.Generated/VisualScripting.Core/Property Providers/PropertyProvider_TMPro_TextAlignmentOptions.cs using Guid(680df8dfbce876f49b05ecf4b9f8c434) Importer(2089858483,0ecaa5967403d082aa24f35e1b516d23) Generated GUIDs only implemented for interfaces!
 -> (artifact id: 'e918785cff4986793aedae55e57fed7d') in 0.020643 seconds
Number of updated asset objects reloaded before import = 0
Number of asset objects unloaded after import = 1
========================================================================
Received Import Request.
  Time since last request: 0.000029 seconds.
  path: Assets/Unity.VisualScripting.Generated/VisualScripting.Core/Property Providers/PropertyProvider_TMPro_VerticalAlignmentOptions.cs
  artifactKey: Guid(b3aa4472d20333d449f3957cf47ce957) Importer(2089858483,0ecaa5967403d082aa24f35e1b516d23)
Start importing Assets/Unity.VisualScripting.Generated/VisualScripting.Core/Property Providers/PropertyProvider_TMPro_VerticalAlignmentOptions.cs using Guid(b3aa4472d20333d449f3957cf47ce957) Importer(2089858483,0ecaa5967403d082aa24f35e1b516d23) Generated GUIDs only implemented for interfaces!
 -> (artifact id: '90d936362bd0d702e354a610e5df6038') in 0.019862 seconds
Number of updated asset objects reloaded before import = 0
Number of asset objects unloaded after import = 1
========================================================================
Received Prepare
Begin MonoManager ReloadAssembly
Symbol file LoadedFromMemory doesn't match image C:\HW\EliminateGame\Library\PackageCache\com.unity.visualscripting@1.8.0\Editor\VisualScripting.Core\Dependencies\YamlDotNet\Unity.VisualScripting.YamlDotNet.dll
Symbol file LoadedFromMemory doesn't match image C:\HW\EliminateGame\Library\PackageCache\com.unity.visualscripting@1.8.0\Editor\VisualScripting.Core\Dependencies\DotNetZip\Unity.VisualScripting.IonicZip.dll
- Loaded All Assemblies, in  0.754 seconds
Refreshing native plugins compatible for Editor in 6.82 ms, found 3 plugins.
Native extension for WindowsStandalone target not found
Mono: successfully reloaded assembly
- Finished resetting the current domain, in  1.088 seconds
Domain Reload Profiling: 1838ms
	BeginReloadAssembly (165ms)
		ExecutionOrderSort (0ms)
		DisableScriptedObjects (5ms)
		BackupInstance (0ms)
		ReleaseScriptingObjects (0ms)
		CreateAndSetChildDomain (54ms)
	RebuildCommonClasses (29ms)
	RebuildNativeTypeToScriptingClass (9ms)
	initialDomainReloadingComplete (29ms)
	LoadAllAssembliesAndSetupDomain (517ms)
		LoadAssemblies (295ms)
		RebuildTransferFunctionScriptingTraits (0ms)
		AnalyzeDomain (285ms)
			TypeCache.Refresh (277ms)
				TypeCache.ScanAssembly (265ms)
			ScanForSourceGeneratedMonoScriptInfo (4ms)
			ResolveRequiredComponents (5ms)
	FinalizeReload (1088ms)
		ReleaseScriptCaches (0ms)
		RebuildScriptCaches (0ms)
		SetupLoadedEditorAssemblies (468ms)
			LogAssemblyErrors (0ms)
			InitializePlatformSupportModulesInManaged (6ms)
			SetLoadedEditorAssemblies (9ms)
			RefreshPlugins (0ms)
			BeforeProcessingInitializeOnLoad (104ms)
			ProcessInitializeOnLoadAttributes (315ms)
			ProcessInitializeOnLoadMethodAttributes (23ms)
			AfterProcessingInitializeOnLoad (11ms)
			EditorAssembliesLoaded (0ms)
		ExecutionOrderSort2 (0ms)
		AwakeInstancesAfterBackupRestoration (11ms)
Refreshing native plugins compatible for Editor in 5.76 ms, found 3 plugins.
Preloading 0 native plugins for Editor in 0.00 ms.
Unloading 3119 Unused Serialized files (Serialized files now loaded: 0)
Unloading 22 unused Assets / (30.5 KB). Loaded Objects now: 3595.
Memory consumption went from 120.6 MB to 120.6 MB.
Total: 3.084000 ms (FindLiveObjects: 0.190400 ms CreateObjectMapping: 0.069800 ms MarkObjects: 2.757500 ms  DeleteObjects: 0.065100 ms)

Prepare: number of updated asset objects reloaded= 0
AssetImportParameters requested are different than current active one (requested -> active):
  custom:container-demuxer-ogg: 62fdf1f143b41e24485cea50d1cbac27 -> 
  custom:video-codec-MediaFoundation-h265: 746d11721c4dcdbdad8f713fa42b33f4 -> 
  custom:video-decoder-ogg-theora: a1e56fd34408186e4bbccfd4996cb3dc -> 
  custom:framework-win-MediaFoundation: 216162199b28c13a410421893ffa2e32 -> 
  custom:container-demuxer-webm: 4f35f7cbe854078d1ac9338744f61a02 -> 
  custom:container-muxer-webm: aa71ff27fc2769a1b78a27578f13a17b -> 
  custom:video-decoder-webm-vp8: 9c59270c3fd7afecdb556c50c9e8de78 -> 
  custom:SearchIndexIgnoredProperties: e643bd26f0fe6173181afceb89e7c659 -> 
  custom:AudioImporter_EditorPlatform: d09bf68614088b80899f8185d706f6e7 -> 
  custom:video-encoder-webm-vp8: eb34c28f22e8b96e1ab97ce403110664 -> 
  custom:audio-decoder-ogg-vorbis: bf7c407c2cedff20999df2af8eb42d56 -> 
  custom:audio-encoder-webm-vorbis: bf7c407c2cedff20999df2af8eb42d56 -> 
========================================================================
Received Import Request.
  Time since last request: 73.877668 seconds.
  path: Assets/GameResources/AudioSource/anime_05_loop.ogg
  artifactKey: Guid(fb84691f5cc1b4c748daabdd9ab3e476) Importer(815301076,1909f56bfc062723c751e8b465ee728b)
Start importing Assets/GameResources/AudioSource/anime_05_loop.ogg using Guid(fb84691f5cc1b4c748daabdd9ab3e476) Importer(815301076,1909f56bfc062723c751e8b465ee728b)  -> (artifact id: 'f17af952f01bb5317db7101f9f2def08') in 0.104193 seconds
Number of updated asset objects reloaded before import = 0
Number of asset objects unloaded after import = 2
========================================================================
Received Import Request.
  Time since last request: 0.000026 seconds.
  path: Assets/GameResources/AudioSource/Plop.mp3
  artifactKey: Guid(935b03b55d70544b98110c7fb96903f3) Importer(815301076,1909f56bfc062723c751e8b465ee728b)
Start importing Assets/GameResources/AudioSource/Plop.mp3 using Guid(935b03b55d70544b98110c7fb96903f3) Importer(815301076,1909f56bfc062723c751e8b465ee728b)  -> (artifact id: '9bd9a73d701984e03b65a5c52649c890') in 0.021710 seconds
Number of updated asset objects reloaded before import = 0
Number of asset objects unloaded after import = 2
========================================================================
Received Import Request.
  Time since last request: 0.000047 seconds.
  path: Assets/GameResources/AudioSource/Win.mp3
  artifactKey: Guid(5bbd199ed971843ce8d2887887c684cf) Importer(815301076,1909f56bfc062723c751e8b465ee728b)
Start importing Assets/GameResources/AudioSource/Win.mp3 using Guid(5bbd199ed971843ce8d2887887c684cf) Importer(815301076,1909f56bfc062723c751e8b465ee728b)  -> (artifact id: '3043db304df2fa3b8e52526a264ed9d4') in 0.034336 seconds
Number of updated asset objects reloaded before import = 0
Number of asset objects unloaded after import = 2
========================================================================
Received Import Request.
  Time since last request: 0.966383 seconds.
  path: Assets/GameResources/Effects/EclipseShine.png
  artifactKey: Guid(cd86a639df885c14489f5b8ec10f6b08) Importer(815301076,1909f56bfc062723c751e8b465ee728b)
Start importing Assets/GameResources/Effects/EclipseShine.png using Guid(cd86a639df885c14489f5b8ec10f6b08) Importer(815301076,1909f56bfc062723c751e8b465ee728b)  -> (artifact id: '0b9e1e2113394b30f4f010e727c0171e') in 0.053342 seconds
Number of updated asset objects reloaded before import = 0
Number of asset objects unloaded after import = 3
========================================================================
Received Import Request.
  Time since last request: 0.000096 seconds.
  path: Assets/GameResources/Effects/RadialShine.png
  artifactKey: Guid(1dd4d11b89649d748917065a4e16429b) Importer(815301076,1909f56bfc062723c751e8b465ee728b)
Start importing Assets/GameResources/Effects/RadialShine.png using Guid(1dd4d11b89649d748917065a4e16429b) Importer(815301076,1909f56bfc062723c751e8b465ee728b)  -> (artifact id: 'fde7f5d0e06059557b51c584c5bfea2f') in 0.029804 seconds
Number of updated asset objects reloaded before import = 0
Number of asset objects unloaded after import = 3
========================================================================
Received Import Request.
  Time since last request: 0.000029 seconds.
  path: Assets/GameResources/Effects/RingBig.png
  artifactKey: Guid(591a0bc952980a942b020da418adebe9) Importer(815301076,1909f56bfc062723c751e8b465ee728b)
Start importing Assets/GameResources/Effects/RingBig.png using Guid(591a0bc952980a942b020da418adebe9) Importer(815301076,1909f56bfc062723c751e8b465ee728b)  -> (artifact id: '1c249cad31da7f09c483235dd071709a') in 0.026464 seconds
Number of updated asset objects reloaded before import = 0
Number of asset objects unloaded after import = 3
========================================================================
Received Import Request.
  Time since last request: 0.000019 seconds.
  path: Assets/GameResources/Effects/Stripes.png
  artifactKey: Guid(0799138cb08c29e4ab9e8623905b043c) Importer(815301076,1909f56bfc062723c751e8b465ee728b)
Start importing Assets/GameResources/Effects/Stripes.png using Guid(0799138cb08c29e4ab9e8623905b043c) Importer(815301076,1909f56bfc062723c751e8b465ee728b)  -> (artifact id: '116ac06742ec77e9b3f72dbceb536ecc') in 0.027836 seconds
Number of updated asset objects reloaded before import = 0
Number of asset objects unloaded after import = 3
Editor requested this worker to shutdown with reason: Scaling down because of idle timeout
TcpMessagingSession - receive error: operation aborted. errorcode: 995, details: 由于线程退出或应用程序请求，已中止 I/O 操作。
AssetImportWorker is now disconnected from the server
Process exiting
Exiting without the bug reporter. Application will terminate with return code 0